0 info it worked if it ends with ok
1 verbose cli [ 'C:\\Program Files\\nodejs\\node.exe',
1 verbose cli   'C:\\Program Files\\nodejs\\node_modules\\npm\\bin\\npm-cli.js',
1 verbose cli   'run',
1 verbose cli   'devnode' ]
2 info using npm@3.10.10
3 info using node@v6.10.0
4 verbose run-script [ 'predevnode', 'devnode', 'postdevnode' ]
5 info lifecycle teknikbubblan@0.0.1~predevnode: teknikbubblan@0.0.1
6 silly lifecycle teknikbubblan@0.0.1~predevnode: no script for predevnode, continuing
7 info lifecycle teknikbubblan@0.0.1~devnode: teknikbubblan@0.0.1
8 verbose lifecycle teknikbubblan@0.0.1~devnode: unsafe-perm in lifecycle true
9 verbose lifecycle teknikbubblan@0.0.1~devnode: PATH: C:\Program Files\nodejs\node_modules\npm\bin\node-gyp-bin;C:\Users\Samuel\Desktop\Project\nyaTeknikbubblan\node_modules\.bin;C:\Program Files (x86)\NVIDIA Corporation\PhysX\Common;C:\ProgramData\Oracle\Java\javapath;C:\Windows\system32;C:\Windows;C:\Windows\System32\Wbem;C:\Windows\System32\WindowsPowerShell\v1.0\;C:\Program Files\MATLAB\R2013a\runtime\win64;C:\Program Files\MATLAB\R2013a\bin;C:\Program Files\MiKTeX 2.9\miktex\bin\x64\;C:\WINDOWS\system32;C:\WINDOWS;C:\WINDOWS\System32\Wbem;C:\WINDOWS\System32\WindowsPowerShell\v1.0\;C:\Program Files (x86)\Skype\Phone\;C:\Program Files (x86)\Brackets\command;C:\ProgramData\chocolatey\bin;C:\Program Files\Java\jdk1.8.0_112\bin;C:\Program Files\nodejs\;C:\Program Files\PuTTY\;C:\Ruby23\bin;C:\Program Files\Java\jdk1.8.0_60\bin;C:\Users\Samuel\AppData\Local\atom\bin;C:\Program Files\MongoDB\Server\3.2\bin;C:\Users\Samuel\AppData\Local\Microsoft\WindowsApps;C:\Users\Samuel\AppData\Local\Android\android-sdk\tools;C:\Users\Samuel\AppData\Local\Android\android-sdk\platform-tools;C:\Users\Samuel\AppData\Roaming\npm;C:\Program Files (x86)\AVG\Av
10 verbose lifecycle teknikbubblan@0.0.1~devnode: CWD: C:\Users\Samuel\Desktop\Project\nyaTeknikbubblan
11 silly lifecycle teknikbubblan@0.0.1~devnode: Args: [ '/d /s /c', 'nodemon server' ]
12 silly lifecycle teknikbubblan@0.0.1~devnode: Returned: code: 3221225786  signal: null
13 info lifecycle teknikbubblan@0.0.1~devnode: Failed to exec devnode script
14 verbose stack Error: teknikbubblan@0.0.1 devnode: `nodemon server`
14 verbose stack Exit status 3221225786
14 verbose stack     at EventEmitter.<anonymous> (C:\Program Files\nodejs\node_modules\npm\lib\utils\lifecycle.js:255:16)
14 verbose stack     at emitTwo (events.js:106:13)
14 verbose stack     at EventEmitter.emit (events.js:191:7)
14 verbose stack     at ChildProcess.<anonymous> (C:\Program Files\nodejs\node_modules\npm\lib\utils\spawn.js:40:14)
14 verbose stack     at emitTwo (events.js:106:13)
14 verbose stack     at ChildProcess.emit (events.js:191:7)
14 verbose stack     at maybeClose (internal/child_process.js:877:16)
14 verbose stack     at Process.ChildProcess._handle.onexit (internal/child_process.js:226:5)
15 verbose pkgid teknikbubblan@0.0.1
16 verbose cwd C:\Users\Samuel\Desktop\Project\nyaTeknikbubblan
17 error Windows_NT 10.0.14393
18 error argv "C:\\Program Files\\nodejs\\node.exe" "C:\\Program Files\\nodejs\\node_modules\\npm\\bin\\npm-cli.js" "run" "devnode"
19 error node v6.10.0
20 error npm  v3.10.10
21 error code ELIFECYCLE
22 error teknikbubblan@0.0.1 devnode: `nodemon server`
22 error Exit status 3221225786
23 error Failed at the teknikbubblan@0.0.1 devnode script 'nodemon server'.
23 error Make sure you have the latest version of node.js and npm installed.
23 error If you do, this is most likely a problem with the teknikbubblan package,
23 error not with npm itself.
23 error Tell the author that this fails on your system:
23 error     nodemon server
23 error You can get information on how to open an issue for this project with:
23 error     npm bugs teknikbubblan
23 error Or if that isn't available, you can get their info via:
23 error     npm owner ls teknikbubblan
23 error There is likely additional logging output above.
24 verbose exit [ 1, true ]
